ncverilog: 15.20-s039: (c) Copyright 1995-2017 Cadence Design Systems, Inc.
TOOL:	ncverilog	15.20-s039: Started on Nov 09, 2020 at 19:46:08 CST
ncverilog
	load_hazard_rtl.sv
	-c
file: load_hazard_rtl.sv
	module worklib.load_hazard:sv
		errors: 0, warnings: 0
		Caching library 'worklib' ....... Done
	Elaborating the design hierarchy:
ncelab: *W,DSEMEL: This SystemVerilog design will be simulated as per IEEE 1800-2009 SystemVerilog simulation semantics. Use -disable_sem2009 option for turning off SV 2009 simulation semantics.
	Building instance overlay tables: .................... Done
	Generating native compiled code:
		worklib.load_hazard:sv <0x36a9caeb>
			streams:   0, words:     0
	Building instance specific data structures.
	Loading native compiled code:     .................... Done
	Design hierarchy summary:
		                  Instances  Unique
		Modules:                  1       1
		Registers:                3       3
		Always blocks:            1       1
		Simulation timescale:  10ps
	Writing initial simulation snapshot: worklib.load_hazard:sv
TOOL:	ncverilog	15.20-s039: Exiting on Nov 09, 2020 at 19:46:08 CST  (total: 00:00:00)
